# project wafdocs (0.0.1) configured on Wed Feb 15 19:18:50 2012 by
# waf 1.6.8 (abi 98, python 20701f0 on darwin)
# using /Users/matsu911/local/bin/waf configure
#
----------------------------------------
Setting top to
/Users/matsu911/work/waf_book_ja
----------------------------------------
Setting out to
/Users/matsu911/work/waf_book_ja/build
----------------------------------------
Checking for program a2x
/usr/local/bin/a2x
find program=['a2x'] paths=['/Users/matsu911/.rvm/gems/ruby-1.9.2-p290/bin', '/Users/matsu911/.rvm/gems/ruby-1.9.2-p290@global/bin', '/Users/matsu911/.rvm/rubies/ruby-1.9.2-p290/bin', '/Users/matsu911/.rvm/bin', '/Users/matsu911/local/bin', '/usr/bin', '/bin', '/usr/sbin', '/sbin', '/usr/local/bin', '/usr/X11/bin', '/opt/local/bin', '/usr/local/git/bin', '/usr/local/bin', '/usr/local/git/bin', '/usr/local/texlive/2011/bin/x86_64-darwin', '/usr/local/bin', '/Users/matsu911/bin', '/Users/matsu911/local/bin'] var='A2X' -> '/usr/local/bin/a2x'
----------------------------------------
Checking for program asciidoc
/usr/local/bin/asciidoc
find program=['asciidoc'] paths=['/Users/matsu911/.rvm/gems/ruby-1.9.2-p290/bin', '/Users/matsu911/.rvm/gems/ruby-1.9.2-p290@global/bin', '/Users/matsu911/.rvm/rubies/ruby-1.9.2-p290/bin', '/Users/matsu911/.rvm/bin', '/Users/matsu911/local/bin', '/usr/bin', '/bin', '/usr/sbin', '/sbin', '/usr/local/bin', '/usr/X11/bin', '/opt/local/bin', '/usr/local/git/bin', '/usr/local/bin', '/usr/local/git/bin', '/usr/local/texlive/2011/bin/x86_64-darwin', '/usr/local/bin', '/Users/matsu911/bin', '/Users/matsu911/local/bin'] var='ADOC' -> '/usr/local/bin/asciidoc'
----------------------------------------
Checking for program dia
/usr/local/bin/dia
find program=['dia'] paths=['/Users/matsu911/.rvm/gems/ruby-1.9.2-p290/bin', '/Users/matsu911/.rvm/gems/ruby-1.9.2-p290@global/bin', '/Users/matsu911/.rvm/rubies/ruby-1.9.2-p290/bin', '/Users/matsu911/.rvm/bin', '/Users/matsu911/local/bin', '/usr/bin', '/bin', '/usr/sbin', '/sbin', '/usr/local/bin', '/usr/X11/bin', '/opt/local/bin', '/usr/local/git/bin', '/usr/local/bin', '/usr/local/git/bin', '/usr/local/texlive/2011/bin/x86_64-darwin', '/usr/local/bin', '/Users/matsu911/bin', '/Users/matsu911/local/bin'] var='DIA' -> '/usr/local/bin/dia'
----------------------------------------
Checking for program convert
/usr/local/bin/convert
find program=['convert'] paths=['/Users/matsu911/.rvm/gems/ruby-1.9.2-p290/bin', '/Users/matsu911/.rvm/gems/ruby-1.9.2-p290@global/bin', '/Users/matsu911/.rvm/rubies/ruby-1.9.2-p290/bin', '/Users/matsu911/.rvm/bin', '/Users/matsu911/local/bin', '/usr/bin', '/bin', '/usr/sbin', '/sbin', '/usr/local/bin', '/usr/X11/bin', '/opt/local/bin', '/usr/local/git/bin', '/usr/local/bin', '/usr/local/git/bin', '/usr/local/texlive/2011/bin/x86_64-darwin', '/usr/local/bin', '/Users/matsu911/bin', '/Users/matsu911/local/bin'] var='CONVERT' -> '/usr/local/bin/convert'
----------------------------------------
Checking for program source-highlight
/usr/local/bin/source-highlight
find program=['source-highlight'] paths=['/Users/matsu911/.rvm/gems/ruby-1.9.2-p290/bin', '/Users/matsu911/.rvm/gems/ruby-1.9.2-p290@global/bin', '/Users/matsu911/.rvm/rubies/ruby-1.9.2-p290/bin', '/Users/matsu911/.rvm/bin', '/Users/matsu911/local/bin', '/usr/bin', '/bin', '/usr/sbin', '/sbin', '/usr/local/bin', '/usr/X11/bin', '/opt/local/bin', '/usr/local/git/bin', '/usr/local/bin', '/usr/local/git/bin', '/usr/local/texlive/2011/bin/x86_64-darwin', '/usr/local/bin', '/Users/matsu911/bin', '/Users/matsu911/local/bin'] var='SOURCE_HIGHLIGHT' -> '/usr/local/bin/source-highlight'
